<?xml version="1.0" encoding="UTF-8"?>
<testsuite name="TestSuite" time="3.872" tests="4" errors="0" skipped="0" failures="0">
  <properties>
[...]
</properties>
  <testcase name="checkThatCatalogButtonDisplayed" classname="tests.HomeTests" time="0.104"/>
  <testcase name="checkHeaderButtonsActiveAndDisplayed" classname="tests.HomeTests" time="3.593"/>
  <testcase name="checkThatSearchInputDisplayed" classname="tests.HomeTests" time="0.083"/>
  <testcase name="checkThatSliderDisplayed" classname="tests.HomeTests" time="0.092"/>
</testsuite>