<?xml version="1.0" encoding="UTF-8"?>
<testng-results ignored="0" total="4" passed="4" failed="0" skipped="0">
  <reporter-output>
  </reporter-output>
  <suite started-at="2023-06-23T16:28:12 MSK" name="Все тесты" finished-at="2023-06-23T16:28:34 MSK" duration-ms="21477">
    <groups>
    </groups>
    <test started-at="2023-06-23T16:28:12 MSK" name="test" finished-at="2023-06-23T16:28:34 MSK" duration-ms="21477">
      <class name="tests.HomeTests">
        <test-method is-config="true" signature="configOptions()[pri:0, instance:tests.HomeTests@27abb83e]" started-at="2023-06-23T16:28:12 MSK" name="configOptions" finished-at="2023-06-23T16:28:12 MSK" duration-ms="48" status="PASS">
          <reporter-output>
          </reporter-output>
        </test-method> <!-- configOptions -->
        <test-method is-config="true" signature="setUp()[pri:0, instance:tests.HomeTests@27abb83e]" started-at="2023-06-23T16:28:12 MSK" name="setUp" finished-at="2023-06-23T16:28:12 MSK" duration-ms="8" status="PASS">
          <reporter-output>
          </reporter-output>
        </test-method> <!-- setUp -->
        <test-method is-config="true" signature="before()[pri:0, instance:tests.HomeTests@27abb83e]" started-at="2023-06-23T16:28:12 MSK" name="before" finished-at="2023-06-23T16:28:25 MSK" duration-ms="12377" status="PASS">
          <reporter-output>
          </reporter-output>
        </test-method> <!-- before -->
        <test-method is-config="true" signature="before()[pri:0, instance:tests.HomeTests@27abb83e]" started-at="2023-06-23T16:28:12 MSK" name="before" finished-at="2023-06-23T16:28:25 MSK" duration-ms="12377" status="PASS">
          <reporter-output>
          </reporter-output>
        </test-method> <!-- before -->
        <test-method signature="checkHeaderButtonsActiveAndDisplayed()[pri:0, instance:tests.HomeTests@27abb83e]" started-at="2023-06-23T16:28:25 MSK" name="checkHeaderButtonsActiveAndDisplayed" finished-at="2023-06-23T16:28:28 MSK" duration-ms="3631" status="PASS">
          <reporter-output>
          </reporter-output>
        </test-method> <!-- checkHeaderButtonsActiveAndDisplayed -->
        <test-method signature="checkThatCatalogButtonDisplayed()[pri:0, instance:tests.HomeTests@27abb83e]" started-at="2023-06-23T16:28:25 MSK" name="checkThatCatalogButtonDisplayed" finished-at="2023-06-23T16:28:25 MSK" duration-ms="124" status="PASS">
          <reporter-output>
          </reporter-output>
        </test-method> <!-- checkThatCatalogButtonDisplayed -->
        <test-method is-config="true" signature="after()[pri:0, instance:tests.HomeTests@27abb83e]" started-at="2023-06-23T16:28:25 MSK" name="after" finished-at="2023-06-23T16:28:25 MSK" duration-ms="118" status="PASS">
          <reporter-output>
          </reporter-output>
        </test-method> <!-- after -->
        <test-method is-config="true" signature="before()[pri:0, instance:tests.HomeTests@27abb83e]" started-at="2023-06-23T16:28:25 MSK" name="before" finished-at="2023-06-23T16:28:31 MSK" duration-ms="5983" status="PASS">
          <reporter-output>
          </reporter-output>
        </test-method> <!-- before -->
        <test-method is-config="true" signature="after()[pri:0, instance:tests.HomeTests@27abb83e]" started-at="2023-06-23T16:28:28 MSK" name="after" finished-at="2023-06-23T16:28:29 MSK" duration-ms="57" status="PASS">
          <reporter-output>
          </reporter-output>
        </test-method> <!-- after -->
        <test-method is-config="true" signature="before()[pri:0, instance:tests.HomeTests@27abb83e]" started-at="2023-06-23T16:28:29 MSK" name="before" finished-at="2023-06-23T16:28:34 MSK" duration-ms="5072" status="PASS">
          <reporter-output>
          </reporter-output>
        </test-method> <!-- before -->
        <test-method signature="checkThatSearchInputDisplayed()[pri:0, instance:tests.HomeTests@27abb83e]" started-at="2023-06-23T16:28:31 MSK" name="checkThatSearchInputDisplayed" finished-at="2023-06-23T16:28:31 MSK" duration-ms="86" status="PASS">
          <reporter-output>
          </reporter-output>
        </test-method> <!-- checkThatSearchInputDisplayed -->
        <test-method is-config="true" signature="after()[pri:0, instance:tests.HomeTests@27abb83e]" started-at="2023-06-23T16:28:31 MSK" name="after" finished-at="2023-06-23T16:28:31 MSK" duration-ms="57" status="PASS">
          <reporter-output>
          </reporter-output>
        </test-method> <!-- after -->
        <test-method signature="checkThatSliderDisplayed()[pri:0, instance:tests.HomeTests@27abb83e]" started-at="2023-06-23T16:28:34 MSK" name="checkThatSliderDisplayed" finished-at="2023-06-23T16:28:34 MSK" duration-ms="93" status="PASS">
          <reporter-output>
          </reporter-output>
        </test-method> <!-- checkThatSliderDisplayed -->
        <test-method is-config="true" signature="after()[pri:0, instance:tests.HomeTests@27abb83e]" started-at="2023-06-23T16:28:34 MSK" name="after" finished-at="2023-06-23T16:28:34 MSK" duration-ms="59" status="PASS">
          <reporter-output>
          </reporter-output>
        </test-method> <!-- after -->
      </class> <!-- tests.HomeTests -->
    </test> <!-- test -->
  </suite> <!-- Все тесты -->
</testng-results>
