<?xml version="1.0" encoding="UTF-8"?>
<!-- Generated by org.testng.reporters.JUnitXMLReporter -->
<testsuite ignored="0" hostname="5CD15013FY" failures="0" tests="4" name="test" time="21.477" errors="0" timestamp="2023-06-23T16:28:34 MSK">
  <testcase classname="tests.HomeTests" name="checkThatCatalogButtonDisplayed" time="0.124"/>
  <testcase classname="tests.HomeTests" name="checkHeaderButtonsActiveAndDisplayed" time="3.631"/>
  <testcase classname="tests.HomeTests" name="checkThatSearchInputDisplayed" time="0.086"/>
  <testcase classname="tests.HomeTests" name="checkThatSliderDisplayed" time="0.093"/>
</testsuite> <!-- test -->
